

HI-TECH Software PIC LITE Macro Assembler V9.82 build 9453 
                                                                                               Sat Nov 27 21:48:45 2021

HI-TECH Software Omniscient Code Generator (Lite mode) build 9453
     1  0000                     opt subtitle "HI-TECH Software Omniscient Code Generator (Lite mode) build 9453"
     2                           
     3                           opt pagewidth 120
     4                           
     5                           	opt lm
     6                           
     7                           	processor	16F877A
     8                           clrc	macro
     9                           	bcf	3,0
    10  0000                     	endm
    11                           clrz	macro
    12                           	bcf	3,2
    13  0000                     	endm
    14                           setc	macro
    15                           	bsf	3,0
    16  0000                     	endm
    17                           setz	macro
    18                           	bsf	3,2
    19  0000                     	endm
    20                           skipc	macro
    21                           	btfss	3,0
    22  0000                     	endm
    23                           skipz	macro
    24                           	btfss	3,2
    25  0000                     	endm
    26                           skipnc	macro
    27                           	btfsc	3,0
    28  0000                     	endm
    29                           skipnz	macro
    30                           	btfsc	3,2
    31  0000                     	endm
    32  0000                     indf	equ	0
    33  0000                     indf0	equ	0
    34  0002                     pc	equ	2
    35  0002                     pcl	equ	2
    36  0003                     status	equ	3
    37  0004                     fsr	equ	4
    38  0004                     fsr0	equ	4
    39  0001                     c	equ	1
    40  0000                     z	equ	0
    41  000A                     pclath	equ	10
    42                           # 3 "D:\EE\Mplabcode\ADC\main.c"
    43                           	psect config,class=CONFIG,delta=2 ;#
    44                           # 3 "D:\EE\Mplabcode\ADC\main.c"
    45  2007  FF29               	dw 0xff29 ;#
    46                           	FNCALL	_main,_init
    47                           	FNCALL	_init,_delay
    48                           	FNCALL	_init,_enable
    49                           	FNCALL	_enable,_delay
    50                           	FNROOT	_main
    51                           	FNCALL	intlevel1,_tmr2
    52                           	global	intlevel1
    53                           	FNROOT	intlevel1
    54                           	global	_s
    55                           psect	idataBANK0,class=CODE,space=0,delta=2
    56                           global __pidataBANK0
    57  00F8                     __pidataBANK0:
    58                           	file	"D:\EE\Mplabcode\ADC\main.c"
    59                           	line	14
    60                           
    61                           ;initializer for _s
    62  00F8  3431               	retlw	031h
    63  00F9  3430               	retlw	030h
    64  00FA  3430               	retlw	030h
    65  00FB  3430               	retlw	030h
    66  00FC  3430               	retlw	030h
    67  00FD  3430               	retlw	030h
    68  00FE  3430               	retlw	030h
    69  00FF  3400               	retlw	0
    70  0100  3400               	retlw	0
    71  0101  3400               	retlw	0
    72  0102  3400               	retlw	0
    73  0103  3400               	retlw	0
    74  0104  3400               	retlw	0
    75  0105  3400               	retlw	0
    76  0106  3400               	retlw	0
    77  0107  3400               	retlw	0
    78  0108  3400               	retlw	0
    79  0109  3400               	retlw	0
    80  010A  3400               	retlw	0
    81  010B  3400               	retlw	0
    82                           	global	_flag
    83                           	global	_data
    84                           	global	_ADCON0
    85  001F                     _ADCON0	set	31
    86                           	global	_ADRESH
    87  001E                     _ADRESH	set	30
    88                           	global	_PORTA
    89  0005                     _PORTA	set	5
    90                           	global	_PORTC
    91  0007                     _PORTC	set	7
    92                           	global	_PORTD
    93  0008                     _PORTD	set	8
    94                           	global	_RCSTA
    95  0018                     _RCSTA	set	24
    96                           	global	_T2CON
    97  0012                     _T2CON	set	18
    98                           	global	_TXREG
    99  0019                     _TXREG	set	25
   100                           	global	_ADIF
   101  0066                     _ADIF	set	102
   102                           	global	_CARRY
   103  0018                     _CARRY	set	24
   104                           	global	_GIE
   105  005F                     _GIE	set	95
   106                           	global	_GO_nDONE
   107  00FA                     _GO_nDONE	set	250
   108                           	global	_PEIE
   109  005E                     _PEIE	set	94
   110                           	global	_RA0
   111  0028                     _RA0	set	40
   112                           	global	_RA3
   113  002B                     _RA3	set	43
   114                           	global	_RA4
   115  002C                     _RA4	set	44
   116                           	global	_RA5
   117  002D                     _RA5	set	45
   118                           	global	_SPEN
   119  00C7                     _SPEN	set	199
   120                           	global	_TMR2IF
   121  0061                     _TMR2IF	set	97
   122                           	global	_ADCON1
   123  009F                     _ADCON1	set	159
   124                           	global	_ADRESL
   125  009E                     _ADRESL	set	158
   126                           	global	_PR2
   127  0092                     _PR2	set	146
   128                           	global	_SPBRG
   129  0099                     _SPBRG	set	153
   130                           	global	_TRISA
   131  0085                     _TRISA	set	133
   132                           	global	_TRISC
   133  0087                     _TRISC	set	135
   134                           	global	_TRISD
   135  0088                     _TRISD	set	136
   136                           	global	_TXSTA
   137  0098                     _TXSTA	set	152
   138                           	global	_SYNC
   139  04C4                     _SYNC	set	1220
   140                           	global	_TMR2IE
   141  0461                     _TMR2IE	set	1121
   142                           	global	_TX9
   143  04C6                     _TX9	set	1222
   144                           	global	_TX9D
   145  04C0                     _TX9D	set	1216
   146                           	global	_TXEN
   147  04C5                     _TXEN	set	1221
   148                           	global	_EEADR
   149  010D                     _EEADR	set	269
   150                           	global	_EEDATA
   151  010C                     _EEDATA	set	268
   152                           	global	_EECON1
   153  018C                     _EECON1	set	396
   154                           	global	_EECON2
   155  018D                     _EECON2	set	397
   156                           	global	_RD
   157  0C60                     _RD	set	3168
   158                           	global	_WR
   159  0C61                     _WR	set	3169
   160                           	global	_WREN
   161  0C62                     _WREN	set	3170
   162                           	file	"ADC.as"
   163                           	line	#
   164                           psect cinit,class=CODE,delta=2
   165                           global start_initialization
   166  00E1                     start_initialization:
   167                           
   168                           psect	bitbssCOMMON,class=COMMON,bit,space=1
   169                           global __pbitbssCOMMON
   170  03C8                     __pbitbssCOMMON:
   171  03C8                     _flag:
   172  03C8                            ds      1
   173                           
   174                           psect	bssCOMMON,class=COMMON,space=1
   175                           global __pbssCOMMON
   176  0075                     __pbssCOMMON:
   177  0075                     _data:
   178  0075                            ds      4
   179                           
   180                           psect	dataBANK0,class=BANK0,space=1
   181                           global __pdataBANK0
   182  0020                     __pdataBANK0:
   183                           	file	"D:\EE\Mplabcode\ADC\main.c"
   184  0020                     _s:
   185  0020                            ds      20
   186                           
   187                           ; Clear objects allocated to BITCOMMON
   188                           psect cinit,class=CODE,delta=2
   189  00E1  01F9               	clrf	((__pbitbssCOMMON/8)+0)&07Fh
   190                           ; Clear objects allocated to COMMON
   191                           psect cinit,class=CODE,delta=2
   192  00E2  01F5               	clrf	((__pbssCOMMON)+0)&07Fh
   193  00E3  01F6               	clrf	((__pbssCOMMON)+1)&07Fh
   194  00E4  01F7               	clrf	((__pbssCOMMON)+2)&07Fh
   195  00E5  01F8               	clrf	((__pbssCOMMON)+3)&07Fh
   196                           global btemp
   197                           psect inittext,class=CODE,delta=2
   198                           global init_fetch,btemp
   199                           ;	Called with low address in FSR and high address in W
   200  010C                     init_fetch:
   201  010C  087E               	movf btemp,w
   202  010D  008A               	movwf pclath
   203  010E  087F               	movf btemp+1,w
   204  010F  0082               	movwf pc
   205                           global init_ram
   206                           ;Called with:
   207                           ;	high address of idata address in btemp 
   208                           ;	low address of idata address in btemp+1 
   209                           ;	low address of data in FSR
   210                           ;	high address + 1 of data in btemp-1
   211  0110                     init_ram:
   212  0110  120A  118A  210C   	fcall init_fetch
              120A  118A         
   213  0115  0080               	movwf indf,f
   214  0116  0A84               	incf fsr,f
   215  0117  0804               	movf fsr,w
   216  0118  067D               	xorwf btemp-1,w
   217  0119  1903               	btfsc status,2
   218  011A  3400               	retlw 0
   219  011B  0AFF               	incf btemp+1,f
   220  011C  1903               	btfsc status,2
   221  011D  0AFE               	incf btemp,f
   222  011E  2910               	goto init_ram
   223                           ; Initialize objects allocated to BANK0
   224                           psect cinit,class=CODE,delta=2
   225                           global init_ram, __pidataBANK0
   226  00E6  1383               	bcf	status, 7	;select IRP bank0
   227  00E7  3034               	movlw low(__pdataBANK0+20)
   228  00E8  00FD               	movwf btemp-1,f
   229  00E9  3000               	movlw high(__pidataBANK0)
   230  00EA  00FE               	movwf btemp,f
   231  00EB  30F8               	movlw low(__pidataBANK0)
   232  00EC  00FF               	movwf btemp+1,f
   233  00ED  3020               	movlw low(__pdataBANK0)
   234  00EE  0084               	movwf fsr,f
   235  00EF  120A  118A  2110   	fcall init_ram
              120A  118A         
   236                           psect cinit,class=CODE,delta=2
   237                           global end_of_initialization
   238                           
   239                           ;End of C runtime variable initialization code
   240                           
   241  00F4                     end_of_initialization:
   242  00F4  0183               clrf status
   243  00F5  120A  118A  291F   ljmp _main	;jump to C main() function
   244                           psect	cstackCOMMON,class=COMMON,space=1
   245                           global __pcstackCOMMON
   246  0070                     __pcstackCOMMON:
   247                           	global	?_init
   248  0070                     ?_init:	; 0 bytes @ 0x0
   249                           	global	?_tmr2
   250  0070                     ?_tmr2:	; 0 bytes @ 0x0
   251                           	global	??_tmr2
   252  0070                     ??_tmr2:	; 0 bytes @ 0x0
   253                           	global	?_main
   254  0070                     ?_main:	; 2 bytes @ 0x0
   255  0070                     	ds	5
   256                           psect	cstackBANK0,class=BANK0,space=1
   257                           global __pcstackBANK0
   258  0034                     __pcstackBANK0:
   259                           	global	?_delay
   260  0034                     ?_delay:	; 0 bytes @ 0x0
   261                           	global	delay@t
   262  0034                     delay@t:	; 2 bytes @ 0x0
   263  0034                     	ds	2
   264                           	global	??_delay
   265  0036                     ??_delay:	; 0 bytes @ 0x2
   266  0036                     	ds	1
   267                           	global	delay@i
   268  0037                     delay@i:	; 2 bytes @ 0x3
   269  0037                     	ds	2
   270                           	global	?_enable
   271  0039                     ?_enable:	; 0 bytes @ 0x5
   272                           	global	enable@t
   273  0039                     enable@t:	; 2 bytes @ 0x5
   274  0039                     	ds	2
   275                           	global	??_init
   276  003B                     ??_init:	; 0 bytes @ 0x7
   277                           	global	??_enable
   278  003B                     ??_enable:	; 0 bytes @ 0x7
   279                           	global	??_main
   280  003B                     ??_main:	; 0 bytes @ 0x7
   281 ;;Data sizes: Strings 0, constant 0, data 20, bss 4, persistent 0 stack 0
   282 ;;Auto spaces:   Size  Autos    Used
   283 ;; COMMON          14      5      10
   284 ;; BANK0           80      7      27
   285 ;; BANK1           80      0       0
   286 ;; BANK3           96      0       0
   287 ;; BANK2           96      0       0
   288                           
   289 ;;
   290 ;; Pointer list with targets:
   291                           
   292                           
   293                           
   294 ;;
   295 ;; Critical Paths under _main in COMMON
   296 ;;
   297 ;;   None.
   298 ;;
   299 ;; Critical Paths under _tmr2 in COMMON
   300 ;;
   301 ;;   None.
   302 ;;
   303 ;; Critical Paths under _main in BANK0
   304 ;;
   305 ;;   _init->_enable
   306 ;;   _enable->_delay
   307 ;;
   308 ;; Critical Paths under _tmr2 in BANK0
   309 ;;
   310 ;;   None.
   311 ;;
   312 ;; Critical Paths under _main in BANK1
   313 ;;
   314 ;;   None.
   315 ;;
   316 ;; Critical Paths under _tmr2 in BANK1
   317 ;;
   318 ;;   None.
   319 ;;
   320 ;; Critical Paths under _main in BANK3
   321 ;;
   322 ;;   None.
   323 ;;
   324 ;; Critical Paths under _tmr2 in BANK3
   325 ;;
   326 ;;   None.
   327 ;;
   328 ;; Critical Paths under _main in BANK2
   329 ;;
   330 ;;   None.
   331 ;;
   332 ;; Critical Paths under _tmr2 in BANK2
   333 ;;
   334 ;;   None.
   335                           
   336 ;;
   337 ;;Main: autosize = 0, tempsize = 0, incstack = 0, save=0
   338 ;;
   339                           
   340 ;;
   341 ;;Call Graph Tables:
   342 ;;
   343 ;; ---------------------------------------------------------------------------------
   344 ;; (Depth) Function   	        Calls       Base Space   Used Autos Params    Refs
   345 ;; ---------------------------------------------------------------------------------
   346 ;; (0) _main                                                 0     0      0     167
   347 ;;                               _init
   348 ;; ---------------------------------------------------------------------------------
   349 ;; (1) _init                                                 0     0      0     167
   350 ;;                              _delay
   351 ;;                             _enable
   352 ;; ---------------------------------------------------------------------------------
   353 ;; (2) _enable                                               2     0      2      99
   354 ;;                                              5 BANK0      2     0      2
   355 ;;                              _delay
   356 ;; ---------------------------------------------------------------------------------
   357 ;; (3) _delay                                                5     3      2      68
   358 ;;                                              0 BANK0      5     3      2
   359 ;; ---------------------------------------------------------------------------------
   360 ;; Estimated maximum stack depth 3
   361 ;; ---------------------------------------------------------------------------------
   362 ;; (Depth) Function   	        Calls       Base Space   Used Autos Params    Refs
   363 ;; ---------------------------------------------------------------------------------
   364 ;; (4) _tmr2                                                 5     5      0       0
   365 ;;                                              0 COMMON     5     5      0
   366 ;; ---------------------------------------------------------------------------------
   367 ;; Estimated maximum stack depth 4
   368 ;; ---------------------------------------------------------------------------------
   369                           
   370 ;; Call Graph Graphs:
   371                           
   372 ;; _main (ROOT)
   373 ;;   _init
   374 ;;     _delay
   375 ;;     _enable
   376 ;;       _delay
   377 ;;
   378 ;; _tmr2 (ROOT)
   379 ;;
   380                           
   381 ;; Address spaces:
   382                           
   383 ;;Name               Size   Autos  Total    Cost      Usage
   384 ;;BANK3               60      0       0       9        0.0%
   385 ;;BITBANK3            60      0       0       8        0.0%
   386 ;;SFR3                 0      0       0       4        0.0%
   387 ;;BITSFR3              0      0       0       4        0.0%
   388 ;;BANK2               60      0       0      11        0.0%
   389 ;;BITBANK2            60      0       0      10        0.0%
   390 ;;SFR2                 0      0       0       5        0.0%
   391 ;;BITSFR2              0      0       0       5        0.0%
   392 ;;SFR1                 0      0       0       2        0.0%
   393 ;;BITSFR1              0      0       0       2        0.0%
   394 ;;BANK1               50      0       0       7        0.0%
   395 ;;BITBANK1            50      0       0       6        0.0%
   396 ;;CODE                 0      0       0       0        0.0%
   397 ;;DATA                 0      0      28      12        0.0%
   398 ;;ABS                  0      0      25       3        0.0%
   399 ;;NULL                 0      0       0       0        0.0%
   400 ;;STACK                0      0       3       2        0.0%
   401 ;;BANK0               50      7      1B       5       33.8%
   402 ;;BITBANK0            50      0       0       4        0.0%
   403 ;;SFR0                 0      0       0       1        0.0%
   404 ;;BITSFR0              0      0       0       1        0.0%
   405 ;;COMMON               E      5       A       1       71.4%
   406 ;;BITCOMMON            E      0       1       0        7.1%
   407 ;;EEDATA             100      0       0       0        0.0%
   408                           
   409                           	global	_main
   410                           psect	maintext,global,class=CODE,delta=2
   411                           global __pmaintext
   412  011F                     __pmaintext:
   413                           
   414 ;; *************** function _main *****************
   415 ;; Defined at:
   416 ;;		line 49 in file "D:\EE\Mplabcode\ADC\main.c"
   417 ;; Parameters:    Size  Location     Type
   418 ;;		None
   419 ;; Auto vars:     Size  Location     Type
   420 ;;		None
   421 ;; Return value:  Size  Location     Type
   422 ;;                  2  705[COMMON] int 
   423 ;; Registers used:
   424 ;;		wreg, status,2, status,0, pclath, cstack
   425 ;; Tracked objects:
   426 ;;		On entry : 17F/0
   427 ;;		On exit  : 0/0
   428 ;;		Unchanged: 0/0
   429 ;; Data sizes:     COMMON   BANK0   BANK1   BANK3   BANK2
   430 ;;      Params:         0       0       0       0       0
   431 ;;      Locals:         0       0       0       0       0
   432 ;;      Temps:          0       0       0       0       0
   433 ;;      Totals:         0       0       0       0       0
   434 ;;Total ram usage:        0 bytes
   435 ;; Hardware stack levels required when called:    4
   436 ;; This function calls:
   437 ;;		_init
   438 ;; This function is called by:
   439 ;;		Startup code after reset
   440 ;; This function uses a non-reentrant model
   441 ;;
   442                           psect	maintext
   443                           	file	"D:\EE\Mplabcode\ADC\main.c"
   444                           	line	49
   445                           	global	__size_of_main
   446  000A                     	__size_of_main	equ	__end_of_main-_main
   447                           	
   448  011F                     _main:	
   449                           	opt	stack 4
   450                           ; Regs used in _main: [wreg+status,2+status,0+pclath+cstack]
   451                           	line	50
   452                           	
   453  011F                     l3056:	
   454                           ;main.c: 50: init ();
   455  011F  120A  118A  2015   	fcall	_init
              120A  118A         
   456  0124  2925               	goto	l707
   457                           	line	51
   458                           ;main.c: 51: while(1){
   459                           	
   460  0125                     l706:	
   461                           	line	53
   462                           	
   463  0125                     l707:	
   464                           	line	51
   465  0125  2925               	goto	l707
   466                           	
   467  0126                     l708:	
   468                           	line	54
   469                           	
   470  0126                     l709:	
   471                           	global	start
   472  0126  120A  118A  2812   	ljmp	start
   473                           	opt stack 0
   474                           GLOBAL	__end_of_main
   475  0129                     	__end_of_main:
   476 ;; =============== function _main ends ============
   477                           
   478                           	signat	_main,90
   479                           	global	_init
   480                           psect	text218,local,class=CODE,delta=2
   481                           global __ptext218
   482  0015                     __ptext218:
   483                           
   484 ;; *************** function _init *****************
   485 ;; Defined at:
   486 ;;		line 57 in file "D:\EE\Mplabcode\ADC\main.c"
   487 ;; Parameters:    Size  Location     Type
   488 ;;		None
   489 ;; Auto vars:     Size  Location     Type
   490 ;;		None
   491 ;; Return value:  Size  Location     Type
   492 ;;		None               void
   493 ;; Registers used:
   494 ;;		wreg, status,2, status,0, pclath, cstack
   495 ;; Tracked objects:
   496 ;;		On entry : 0/0
   497 ;;		On exit  : 0/0
   498 ;;		Unchanged: 0/0
   499 ;; Data sizes:     COMMON   BANK0   BANK1   BANK3   BANK2
   500 ;;      Params:         0       0       0       0       0
   501 ;;      Locals:         0       0       0       0       0
   502 ;;      Temps:          0       0       0       0       0
   503 ;;      Totals:         0       0       0       0       0
   504 ;;Total ram usage:        0 bytes
   505 ;; Hardware stack levels used:    1
   506 ;; Hardware stack levels required when called:    3
   507 ;; This function calls:
   508 ;;		_delay
   509 ;;		_enable
   510 ;; This function is called by:
   511 ;;		_main
   512 ;; This function uses a non-reentrant model
   513 ;;
   514                           psect	text218
   515                           	file	"D:\EE\Mplabcode\ADC\main.c"
   516                           	line	57
   517                           	global	__size_of_init
   518  0059                     	__size_of_init	equ	__end_of_init-_init
   519                           	
   520  0015                     _init:	
   521                           	opt	stack 4
   522                           ; Regs used in _init: [wreg+status,2+status,0+pclath+cstack]
   523                           	line	58
   524                           	
   525  0015                     l2996:	
   526                           ;main.c: 58: TRISA=0;
   527  0015  1683               	bsf	status, 5	;RP0=1, select bank1
   528  0016  1303               	bcf	status, 6	;RP1=0, select bank1
   529  0017  0185               	clrf	(133)^080h	;volatile
   530                           	line	59
   531                           	
   532  0018                     l2998:	
   533                           ;main.c: 59: RA0=1;
   534  0018  1283               	bcf	status, 5	;RP0=0, select bank0
   535  0019  1303               	bcf	status, 6	;RP1=0, select bank0
   536  001A  1405               	bsf	(40/8),(40)&7
   537                           	line	60
   538                           	
   539  001B                     l3000:	
   540                           ;main.c: 60: RA3=0;
   541  001B  1185               	bcf	(43/8),(43)&7
   542                           	line	61
   543                           	
   544  001C                     l3002:	
   545                           ;main.c: 61: TRISC=0xff;
   546  001C  30FF               	movlw	(0FFh)
   547  001D  1683               	bsf	status, 5	;RP0=1, select bank1
   548  001E  1303               	bcf	status, 6	;RP1=0, select bank1
   549  001F  0087               	movwf	(135)^080h	;volatile
   550                           	line	62
   551                           	
   552  0020                     l3004:	
   553                           ;main.c: 62: TRISD=0;
   554  0020  0188               	clrf	(136)^080h	;volatile
   555                           	line	64
   556                           	
   557  0021                     l3006:	
   558                           ;main.c: 64: PORTD=0;
   559  0021  1283               	bcf	status, 5	;RP0=0, select bank0
   560  0022  1303               	bcf	status, 6	;RP1=0, select bank0
   561  0023  0188               	clrf	(8)	;volatile
   562                           	line	65
   563                           	
   564  0024                     l3008:	
   565                           ;main.c: 65: PORTC=0;
   566  0024  0187               	clrf	(7)	;volatile
   567                           	line	66
   568                           	
   569  0025                     l3010:	
   570                           ;main.c: 66: PORTA=0;
   571  0025  0185               	clrf	(5)	;volatile
   572                           	line	67
   573                           	
   574  0026                     l3012:	
   575                           ;main.c: 67: RA3=1;
   576  0026  1585               	bsf	(43/8),(43)&7
   577                           	line	69
   578                           	
   579  0027                     l3014:	
   580                           ;main.c: 69: delay(1000);
   581  0027  30E8               	movlw	low(03E8h)
   582  0028  00B4               	movwf	(?_delay)
   583  0029  3003               	movlw	high(03E8h)
   584  002A  00B5               	movwf	((?_delay))+1
   585  002B  120A  118A  20A9   	fcall	_delay
              120A  118A         
   586                           	line	70
   587                           	
   588  0030                     l3016:	
   589                           ;main.c: 70: PORTD=0x38;enable(INS);
   590  0030  3038               	movlw	(038h)
   591  0031  1283               	bcf	status, 5	;RP0=0, select bank0
   592  0032  1303               	bcf	status, 6	;RP1=0, select bank0
   593  0033  0088               	movwf	(8)	;volatile
   594                           	
   595  0034                     l3018:	
   596  0034  3000               	movlw	low(0)
   597  0035  00B9               	movwf	(?_enable)
   598  0036  3000               	movlw	high(0)
   599  0037  00BA               	movwf	((?_enable))+1
   600  0038  120A  118A  20C6   	fcall	_enable
              120A  118A         
   601                           	line	71
   602                           	
   603  003D                     l3020:	
   604                           ;main.c: 71: PORTD=0x0C;enable(INS);
   605  003D  300C               	movlw	(0Ch)
   606  003E  1283               	bcf	status, 5	;RP0=0, select bank0
   607  003F  1303               	bcf	status, 6	;RP1=0, select bank0
   608  0040  0088               	movwf	(8)	;volatile
   609                           	
   610  0041                     l3022:	
   611  0041  3000               	movlw	low(0)
   612  0042  00B9               	movwf	(?_enable)
   613  0043  3000               	movlw	high(0)
   614  0044  00BA               	movwf	((?_enable))+1
   615  0045  120A  118A  20C6   	fcall	_enable
              120A  118A         
   616                           	line	73
   617                           	
   618  004A                     l3024:	
   619                           ;main.c: 73: SPBRG=38;
   620  004A  3026               	movlw	(026h)
   621  004B  1683               	bsf	status, 5	;RP0=1, select bank1
   622  004C  1303               	bcf	status, 6	;RP1=0, select bank1
   623  004D  0099               	movwf	(153)^080h	;volatile
   624                           	line	74
   625                           	
   626  004E                     l3026:	
   627                           ;main.c: 74: TXSTA=0;SYNC=0;TX9=1;
   628  004E  0198               	clrf	(152)^080h	;volatile
   629                           	
   630  004F                     l3028:	
   631  004F  1218               	bcf	(1220/8)^080h,(1220)&7
   632                           	
   633  0050                     l3030:	
   634  0050  1718               	bsf	(1222/8)^080h,(1222)&7
   635                           	line	75
   636                           	
   637  0051                     l3032:	
   638                           ;main.c: 75: RCSTA=0;SPEN=1;
   639  0051  1283               	bcf	status, 5	;RP0=0, select bank0
   640  0052  1303               	bcf	status, 6	;RP1=0, select bank0
   641  0053  0198               	clrf	(24)	;volatile
   642                           	
   643  0054                     l3034:	
   644  0054  1798               	bsf	(199/8),(199)&7
   645                           	line	76
   646                           	
   647  0055                     l3036:	
   648                           ;main.c: 76: TXEN=1;
   649  0055  1683               	bsf	status, 5	;RP0=1, select bank1
   650  0056  1303               	bcf	status, 6	;RP1=0, select bank1
   651  0057  1698               	bsf	(1221/8)^080h,(1221)&7
   652                           	line	78
   653                           	
   654  0058                     l3038:	
   655                           ;main.c: 78: GIE=1;PEIE=1;TMR2IE=1;TMR2IF=0;ADIF=0;
   656  0058  178B               	bsf	(95/8),(95)&7
   657                           	
   658  0059                     l3040:	
   659  0059  170B               	bsf	(94/8),(94)&7
   660                           	
   661  005A                     l3042:	
   662  005A  148C               	bsf	(1121/8)^080h,(1121)&7
   663                           	
   664  005B                     l3044:	
   665  005B  1283               	bcf	status, 5	;RP0=0, select bank0
   666  005C  1303               	bcf	status, 6	;RP1=0, select bank0
   667  005D  108C               	bcf	(97/8),(97)&7
   668                           	
   669  005E                     l3046:	
   670  005E  130C               	bcf	(102/8),(102)&7
   671                           	line	79
   672                           	
   673  005F                     l3048:	
   674                           ;main.c: 79: ADCON0=0B01000001;ADCON1=0B10000101;
   675  005F  3041               	movlw	(041h)
   676  0060  009F               	movwf	(31)	;volatile
   677                           	
   678  0061                     l3050:	
   679  0061  3085               	movlw	(085h)
   680  0062  1683               	bsf	status, 5	;RP0=1, select bank1
   681  0063  1303               	bcf	status, 6	;RP1=0, select bank1
   682  0064  009F               	movwf	(159)^080h	;volatile
   683                           	line	80
   684                           	
   685  0065                     l3052:	
   686                           ;main.c: 80: T2CON=0B01111111;PR2=255;
   687  0065  307F               	movlw	(07Fh)
   688  0066  1283               	bcf	status, 5	;RP0=0, select bank0
   689  0067  1303               	bcf	status, 6	;RP1=0, select bank0
   690  0068  0092               	movwf	(18)	;volatile
   691                           	
   692  0069                     l3054:	
   693  0069  30FF               	movlw	(0FFh)
   694  006A  1683               	bsf	status, 5	;RP0=1, select bank1
   695  006B  1303               	bcf	status, 6	;RP1=0, select bank1
   696  006C  0092               	movwf	(146)^080h	;volatile
   697                           	line	83
   698                           	
   699  006D                     l712:	
   700  006D  0008               	return
   701                           	opt stack 0
   702                           GLOBAL	__end_of_init
   703  006E                     	__end_of_init:
   704 ;; =============== function _init ends ============
   705                           
   706                           	signat	_init,88
   707                           	global	_enable
   708                           psect	text219,local,class=CODE,delta=2
   709                           global __ptext219
   710  00C6                     __ptext219:
   711                           
   712 ;; *************** function _enable *****************
   713 ;; Defined at:
   714 ;;		line 90 in file "D:\EE\Mplabcode\ADC\main.c"
   715 ;; Parameters:    Size  Location     Type
   716 ;;  t               2    5[BANK0 ] int 
   717 ;; Auto vars:     Size  Location     Type
   718 ;;		None
   719 ;; Return value:  Size  Location     Type
   720 ;;		None               void
   721 ;; Registers used:
   722 ;;		wreg, status,2, status,0, pclath, cstack
   723 ;; Tracked objects:
   724 ;;		On entry : 0/0
   725 ;;		On exit  : 0/0
   726 ;;		Unchanged: 0/0
   727 ;; Data sizes:     COMMON   BANK0   BANK1   BANK3   BANK2
   728 ;;      Params:         0       2       0       0       0
   729 ;;      Locals:         0       0       0       0       0
   730 ;;      Temps:          0       0       0       0       0
   731 ;;      Totals:         0       2       0       0       0
   732 ;;Total ram usage:        2 bytes
   733 ;; Hardware stack levels used:    1
   734 ;; Hardware stack levels required when called:    2
   735 ;; This function calls:
   736 ;;		_delay
   737 ;; This function is called by:
   738 ;;		_init
   739 ;;		_show_a
   740 ;;		_show
   741 ;; This function uses a non-reentrant model
   742 ;;
   743                           psect	text219
   744                           	file	"D:\EE\Mplabcode\ADC\main.c"
   745                           	line	90
   746                           	global	__size_of_enable
   747  001B                     	__size_of_enable	equ	__end_of_enable-_enable
   748                           	
   749  00C6                     _enable:	
   750                           	opt	stack 4
   751                           ; Regs used in _enable: [wreg+status,2+status,0+pclath+cstack]
   752                           	line	91
   753                           	
   754  00C6                     l2990:	
   755                           ;main.c: 91: RA5=t;
   756  00C6  1283               	bcf	status, 5	;RP0=0, select bank0
   757  00C7  1303               	bcf	status, 6	;RP1=0, select bank0
   758  00C8  1839               	btfsc	(enable@t),0
   759  00C9  28CB               	goto	u2431
   760  00CA  28CF               	goto	u2430
   761                           	
   762  00CB                     u2431:
   763  00CB  1283               	bcf	status, 5	;RP0=0, select bank0
   764  00CC  1303               	bcf	status, 6	;RP1=0, select bank0
   765  00CD  1685               	bsf	(45/8),(45)&7
   766  00CE  28D2               	goto	u2444
   767  00CF                     u2430:
   768  00CF  1283               	bcf	status, 5	;RP0=0, select bank0
   769  00D0  1303               	bcf	status, 6	;RP1=0, select bank0
   770  00D1  1285               	bcf	(45/8),(45)&7
   771  00D2                     u2444:
   772                           	line	92
   773                           ;main.c: 92: RA4=0;
   774  00D2  1205               	bcf	(44/8),(44)&7
   775                           	line	93
   776                           ;main.c: 93: RA3=0;
   777  00D3  1185               	bcf	(43/8),(43)&7
   778                           	line	94
   779                           	
   780  00D4                     l2992:	
   781                           ;main.c: 94: delay(30);
   782  00D4  301E               	movlw	low(01Eh)
   783  00D5  00B4               	movwf	(?_delay)
   784  00D6  3000               	movlw	high(01Eh)
   785  00D7  00B5               	movwf	((?_delay))+1
   786  00D8  120A  118A  20A9   	fcall	_delay
              120A  118A         
   787                           	line	95
   788                           	
   789  00DD                     l2994:	
   790                           ;main.c: 95: RA3=1;
   791  00DD  1283               	bcf	status, 5	;RP0=0, select bank0
   792  00DE  1303               	bcf	status, 6	;RP1=0, select bank0
   793  00DF  1585               	bsf	(43/8),(43)&7
   794                           	line	96
   795                           	
   796  00E0                     l721:	
   797  00E0  0008               	return
   798                           	opt stack 0
   799                           GLOBAL	__end_of_enable
   800  00E1                     	__end_of_enable:
   801 ;; =============== function _enable ends ============
   802                           
   803                           	signat	_enable,4216
   804                           	global	_delay
   805                           psect	text220,local,class=CODE,delta=2
   806                           global __ptext220
   807  00A9                     __ptext220:
   808                           
   809 ;; *************** function _delay *****************
   810 ;; Defined at:
   811 ;;		line 85 in file "D:\EE\Mplabcode\ADC\main.c"
   812 ;; Parameters:    Size  Location     Type
   813 ;;  t               2    0[BANK0 ] int 
   814 ;; Auto vars:     Size  Location     Type
   815 ;;  i               2    3[BANK0 ] int 
   816 ;; Return value:  Size  Location     Type
   817 ;;		None               void
   818 ;; Registers used:
   819 ;;		wreg, status,2
   820 ;; Tracked objects:
   821 ;;		On entry : 0/0
   822 ;;		On exit  : 0/0
   823 ;;		Unchanged: 0/0
   824 ;; Data sizes:     COMMON   BANK0   BANK1   BANK3   BANK2
   825 ;;      Params:         0       2       0       0       0
   826 ;;      Locals:         0       2       0       0       0
   827 ;;      Temps:          0       1       0       0       0
   828 ;;      Totals:         0       5       0       0       0
   829 ;;Total ram usage:        5 bytes
   830 ;; Hardware stack levels used:    1
   831 ;; Hardware stack levels required when called:    1
   832 ;; This function calls:
   833 ;;		Nothing
   834 ;; This function is called by:
   835 ;;		_init
   836 ;;		_enable
   837 ;; This function uses a non-reentrant model
   838 ;;
   839                           psect	text220
   840                           	file	"D:\EE\Mplabcode\ADC\main.c"
   841                           	line	85
   842                           	global	__size_of_delay
   843  001D                     	__size_of_delay	equ	__end_of_delay-_delay
   844                           	
   845  00A9                     _delay:	
   846                           	opt	stack 4
   847                           ; Regs used in _delay: [wreg+status,2]
   848                           	line	86
   849                           	
   850  00A9                     l2954:	
   851                           ;main.c: 86: for (int i=0;i<t;++i) ;
   852  00A9  1283               	bcf	status, 5	;RP0=0, select bank0
   853  00AA  1303               	bcf	status, 6	;RP1=0, select bank0
   854  00AB  01B7               	clrf	(delay@i)
   855  00AC  01B8               	clrf	(delay@i+1)
   856  00AD  28B6               	goto	l715
   857                           	
   858  00AE                     l716:	
   859                           	
   860  00AE                     l2956:	
   861  00AE  3001               	movlw	low(01h)
   862  00AF  1283               	bcf	status, 5	;RP0=0, select bank0
   863  00B0  1303               	bcf	status, 6	;RP1=0, select bank0
   864  00B1  07B7               	addwf	(delay@i),f
   865  00B2  1803               	skipnc
   866  00B3  0AB8               	incf	(delay@i+1),f
   867  00B4  3000               	movlw	high(01h)
   868  00B5  07B8               	addwf	(delay@i+1),f
   869                           	
   870  00B6                     l715:	
   871  00B6  0838               	movf	(delay@i+1),w
   872  00B7  3A80               	xorlw	80h
   873  00B8  00B6               	movwf	(??_delay+0)+0
   874  00B9  0835               	movf	(delay@t+1),w
   875  00BA  3A80               	xorlw	80h
   876  00BB  0236               	subwf	(??_delay+0)+0,w
   877  00BC  1D03               	skipz
   878  00BD  28C0               	goto	u2395
   879  00BE  0834               	movf	(delay@t),w
   880  00BF  0237               	subwf	(delay@i),w
   881  00C0                     u2395:
   882                           
   883  00C0  1C03               	skipc
   884  00C1  28C3               	goto	u2391
   885  00C2  28C4               	goto	u2390
   886  00C3                     u2391:
   887  00C3  28AE               	goto	l2956
   888  00C4                     u2390:
   889  00C4  28C5               	goto	l718
   890                           	
   891  00C5                     l717:	
   892                           	line	87
   893                           	
   894  00C5                     l718:	
   895  00C5  0008               	return
   896                           	opt stack 0
   897                           GLOBAL	__end_of_delay
   898  00C6                     	__end_of_delay:
   899 ;; =============== function _delay ends ============
   900                           
   901                           	signat	_delay,4216
   902                           	global	_tmr2
   903                           psect	text221,local,class=CODE,delta=2
   904                           global __ptext221
   905  006E                     __ptext221:
   906                           
   907 ;; *************** function _tmr2 *****************
   908 ;; Defined at:
   909 ;;		line 28 in file "D:\EE\Mplabcode\ADC\main.c"
   910 ;; Parameters:    Size  Location     Type
   911 ;;		None
   912 ;; Auto vars:     Size  Location     Type
   913 ;;		None
   914 ;; Return value:  Size  Location     Type
   915 ;;		None               void
   916 ;; Registers used:
   917 ;;		wreg
   918 ;; Tracked objects:
   919 ;;		On entry : 0/0
   920 ;;		On exit  : 0/0
   921 ;;		Unchanged: 0/0
   922 ;; Data sizes:     COMMON   BANK0   BANK1   BANK3   BANK2
   923 ;;      Params:         0       0       0       0       0
   924 ;;      Locals:         0       0       0       0       0
   925 ;;      Temps:          5       0       0       0       0
   926 ;;      Totals:         5       0       0       0       0
   927 ;;Total ram usage:        5 bytes
   928 ;; Hardware stack levels used:    1
   929 ;; This function calls:
   930 ;;		Nothing
   931 ;; This function is called by:
   932 ;;		Interrupt level 1
   933 ;; This function uses a non-reentrant model
   934 ;;
   935                           psect	text221
   936                           	file	"D:\EE\Mplabcode\ADC\main.c"
   937                           	line	28
   938                           	global	__size_of_tmr2
   939  003B                     	__size_of_tmr2	equ	__end_of_tmr2-_tmr2
   940                           	
   941  006E                     _tmr2:	
   942                           	opt	stack 4
   943                           ; Regs used in _tmr2: [wreg]
   944                           psect	intentry,class=CODE,delta=2
   945                           global __pintentry
   946  0004                     __pintentry:
   947                           global interrupt_function
   948  0004                     interrupt_function:
   949                           	global saved_w
   950  007E                     	saved_w	set	btemp+0
   951  0004  00FE               	movwf	saved_w
   952  0005  0E03               	swapf	status,w
   953  0006  00F1               	movwf	(??_tmr2+1)
   954  0007  0804               	movf	fsr0,w
   955  0008  00F2               	movwf	(??_tmr2+2)
   956  0009  080A               	movf	pclath,w
   957  000A  00F3               	movwf	(??_tmr2+3)
   958  000B  1283               	bcf	status, 5	;RP0=0, select bank0
   959  000C  1303               	bcf	status, 6	;RP1=0, select bank0
   960  000D  087F               	movf	btemp+1,w
   961  000E  00F4               	movwf	(??_tmr2+4)
   962  000F  120A  118A  286E   	ljmp	_tmr2
   963                           psect	text221
   964                           	line	29
   965                           	
   966  006E                     i1l1838:	
   967                           ;main.c: 29: if(TMR2IF){
   968  006E  1C8C               	btfss	(97/8),(97)&7
   969  006F  2871               	goto	u1_21
   970  0070  2872               	goto	u1_20
   971  0071                     u1_21:
   972  0071  289E               	goto	i1l703
   973  0072                     u1_20:
   974                           	line	30
   975                           	
   976  0072                     i1l1840:	
   977                           ;main.c: 30: flag=!flag;
   978  0072  3001               	movlw	1<<((_flag)&7)
   979  0073  06F9               	xorwf	((_flag)/8),f
   980                           	line	31
   981                           	
   982  0074                     i1l1842:	
   983                           ;main.c: 31: TMR2IF=0;
   984  0074  108C               	bcf	(97/8),(97)&7
   985                           	line	32
   986                           	
   987  0075                     i1l1844:	
   988                           ;main.c: 32: GO_nDONE=1;
   989  0075  151F               	bsf	(250/8),(250)&7
   990                           	line	33
   991                           ;main.c: 33: while(ADIF==0);
   992  0076  2877               	goto	i1l698
   993                           	
   994  0077                     i1l699:	
   995                           	
   996  0077                     i1l698:	
   997  0077  1F0C               	btfss	(102/8),(102)&7
   998  0078  287A               	goto	u2_21
   999  0079  287B               	goto	u2_20
  1000  007A                     u2_21:
  1001  007A  2877               	goto	i1l698
  1002  007B                     u2_20:
  1003  007B  287C               	goto	i1l1846
  1004                           	
  1005  007C                     i1l700:	
  1006                           	line	34
  1007                           	
  1008  007C                     i1l1846:	
  1009                           ;main.c: 34: data.c[1]=ADRESH;
  1010  007C  081E               	movf	(30),w	;volatile
  1011  007D  00F0               	movwf	(??_tmr2+0)+0
  1012  007E  0870               	movf	(??_tmr2+0)+0,w
  1013  007F  00F6               	movwf	0+(_data)+01h
  1014                           	line	35
  1015                           ;main.c: 35: data.c[0]=ADRESL;
  1016  0080  1683               	bsf	status, 5	;RP0=1, select bank1
  1017  0081  1303               	bcf	status, 6	;RP1=0, select bank1
  1018  0082  081E               	movf	(158)^080h,w	;volatile
  1019  0083  00F0               	movwf	(??_tmr2+0)+0
  1020  0084  0870               	movf	(??_tmr2+0)+0,w
  1021  0085  00F5               	movwf	(_data)
  1022                           	line	36
  1023                           	
  1024  0086                     i1l1848:	
  1025                           ;main.c: 36: ADIF=0;
  1026  0086  1283               	bcf	status, 5	;RP0=0, select bank0
  1027  0087  1303               	bcf	status, 6	;RP1=0, select bank0
  1028  0088  130C               	bcf	(102/8),(102)&7
  1029                           	line	38
  1030                           	
  1031  0089                     i1l1850:	
  1032                           ;main.c: 38: if(flag){
  1033  0089  1C79               	btfss	(_flag/8),(_flag)&7
  1034  008A  288C               	goto	u3_21
  1035  008B  288D               	goto	u3_20
  1036  008C                     u3_21:
  1037  008C  2895               	goto	i1l701
  1038  008D                     u3_20:
  1039                           	line	39
  1040                           	
  1041  008D                     i1l1852:	
  1042                           ;main.c: 39: TX9D=1;
  1043  008D  1683               	bsf	status, 5	;RP0=1, select bank1
  1044  008E  1303               	bcf	status, 6	;RP1=0, select bank1
  1045  008F  1418               	bsf	(1216/8)^080h,(1216)&7
  1046                           	line	40
  1047                           	
  1048  0090                     i1l1854:	
  1049                           ;main.c: 40: TXREG=data.c[1];
  1050  0090  0876               	movf	0+(_data)+01h,w
  1051  0091  1283               	bcf	status, 5	;RP0=0, select bank0
  1052  0092  1303               	bcf	status, 6	;RP1=0, select bank0
  1053  0093  0099               	movwf	(25)	;volatile
  1054                           	line	41
  1055                           ;main.c: 41: }
  1056  0094  289E               	goto	i1l703
  1057                           	line	42
  1058                           	
  1059  0095                     i1l701:	
  1060                           	line	43
  1061                           ;main.c: 42: else{
  1062                           ;main.c: 43: TX9D=0;
  1063  0095  1683               	bsf	status, 5	;RP0=1, select bank1
  1064  0096  1303               	bcf	status, 6	;RP1=0, select bank1
  1065  0097  1018               	bcf	(1216/8)^080h,(1216)&7
  1066                           	line	44
  1067                           	
  1068  0098                     i1l1856:	
  1069                           ;main.c: 44: TXREG=data.c[0];
  1070  0098  0875               	movf	(_data),w
  1071  0099  1283               	bcf	status, 5	;RP0=0, select bank0
  1072  009A  1303               	bcf	status, 6	;RP1=0, select bank0
  1073  009B  0099               	movwf	(25)	;volatile
  1074  009C  289E               	goto	i1l703
  1075                           	line	45
  1076                           	
  1077  009D                     i1l702:	
  1078  009D  289E               	goto	i1l703
  1079                           	line	46
  1080                           	
  1081  009E                     i1l697:	
  1082                           	line	47
  1083                           	
  1084  009E                     i1l703:	
  1085  009E  0874               	movf	(??_tmr2+4),w
  1086  009F  00FF               	movwf	btemp+1
  1087  00A0  0873               	movf	(??_tmr2+3),w
  1088  00A1  008A               	movwf	pclath
  1089  00A2  0872               	movf	(??_tmr2+2),w
  1090  00A3  0084               	movwf	fsr0
  1091  00A4  0E71               	swapf	(??_tmr2+1)^0FFFFFF80h,w
  1092  00A5  0083               	movwf	status
  1093  00A6  0EFE               	swapf	saved_w,f
  1094  00A7  0E7E               	swapf	saved_w,w
  1095  00A8  0009               	retfie
  1096                           	opt stack 0
  1097                           GLOBAL	__end_of_tmr2
  1098  00A9                     	__end_of_tmr2:
  1099 ;; =============== function _tmr2 ends ============
  1100                           
  1101                           	signat	_tmr2,88
  1102                           psect	text222,local,class=CODE,delta=2
  1103                           global __ptext222
  1104  0000                     __ptext222:
  1105                           	global	btemp
  1106  007E                     	btemp set 07Eh
  1107                           
  1108                           	DABS	1,126,2	;btemp
  1109                           	global	wtemp0
  1110  007E                     	wtemp0 set btemp


HI-TECH Software PICC Macro Assembler V9.82 build 9453 
Symbol Table                                                                                   Sat Nov 27 21:48:45 2021

                   _s 0020                     pc 0002                    _RD 0C60                    _WR 0C61  
                  fsr 0004                   l712 006D                   l721 00E0                   l706 0125  
                 l715 00B6                   l707 0125                   l716 00AE                   l708 0126  
                 l717 00C5                   l709 0126                   l718 00C5                   _GIE 005F  
                 _RA0 0028                   _RA3 002B                   _RA4 002C                   _RA5 002D  
                 _PR2 0092                   _TX9 04C6                   fsr0 0004                   indf 0000  
                l3000 001B                  l3010 0025                  l3002 001C                  l3020 003D  
                l3012 0026                  l3004 0020                  l3030 0050                  l3022 0041  
                l3014 0027                  l3006 0021                  l3040 0059                  l3032 0051  
                l3024 004A                  l3016 0030                  l3008 0024                  l3050 0061  
                l3042 005A                  l3034 0054                  l3026 004E                  l3018 0034  
                l3052 0065                  l3044 005B                  l3036 0055                  l3028 004F  
                l3054 0069                  l3046 005E                  l3038 0058                  l3048 005F  
                l3056 011F                  l2954 00A9                  l2956 00AE                  l2990 00C6  
                l2992 00D4                  l2994 00DD                  l2996 0015                  l2998 0018  
                _ADIF 0066                  u2430 00CF                  u2431 00CB                  u2444 00D2  
                u2390 00C4                  u2391 00C3                  u2395 00C0                  _PEIE 005E  
                _SPEN 00C7                  _TX9D 04C0                  _WREN 0C62                  _TXEN 04C5  
                _SYNC 04C4                  u1_20 0072                  u1_21 0071                  u2_20 007B  
                u2_21 007A                  u3_20 008D                  u3_21 008C                  _data 0075  
                _flag 03C8                  _main 011F                  _init 0015                  _tmr2 006E  
                btemp 007E                  start 0012                 ?_main 0070                 ?_init 0070  
               _EEADR 010D                 ?_tmr2 0070                 _CARRY 0018                 _T2CON 0012  
               i1l700 007C                 i1l701 0095                 i1l702 009D                 i1l703 009E  
               i1l697 009E                 i1l698 0077                 i1l699 0077                 _RCSTA 0018  
               _SPBRG 0099                 _PORTA 0005                 _PORTC 0007                 _PORTD 0008  
               _TRISA 0085                 _TRISC 0087                 _TRISD 0088                 _TXREG 0019  
               _TXSTA 0098                 _delay 00A9        __pbitbssCOMMON 03C8                 pclath 000A  
               status 0003                 wtemp0 007E          __end_of_main 0129          __end_of_init 006E  
        __end_of_tmr2 00A9                ??_main 003B                ??_init 003B                ??_tmr2 0070  
              ?_delay 0034                _ADCON0 001F                _ADCON1 009F                _ADRESH 001E  
              _ADRESL 009E                _EEDATA 010C                _EECON1 018C                _EECON2 018D  
              i1l1840 0072                i1l1850 0089                i1l1842 0074                i1l1852 008D  
              i1l1844 0075                i1l1854 0090                i1l1846 007C                i1l1838 006E  
              i1l1856 0098                i1l1848 0086                _TMR2IE 0461                _TMR2IF 0061  
              _enable 00C6                delay@i 0037                delay@t 0034                saved_w 007E  
      __pcstackCOMMON 0070          __pidataBANK0 00F8         __end_of_delay 00C6               ??_delay 0036  
          __pmaintext 011F            __pintentry 0004               ?_enable 0039       __size_of_enable 001B  
             enable@t 0039  end_of_initialization 00F4               init_ram 0110        __end_of_enable 00E1  
 start_initialization 00E1              ??_enable 003B           __pdataBANK0 0020           __pbssCOMMON 0075  
       __pcstackBANK0 0034             __ptext220 00A9             __ptext221 006E             __ptext222 0000  
           __ptext218 0015             __ptext219 00C6        __size_of_delay 001D     interrupt_function 0004  
            _GO_nDONE 00FA             init_fetch 010C         __size_of_main 000A         __size_of_init 0059  
       __size_of_tmr2 003B              intlevel1 0000  
